2026-01-13 22:42:36.525 INFO  c.k.k.c.l.logback.LogbackConfigurator    - Logback default configuration initialized from: C:\Users\nguye\.katalon\packages\KSE-10.4.2\configuration\org.eclipse.osgi\132\0\.cp\resources\logback\logback-execution.xml
2026-01-13 22:42:36.525 INFO  c.k.k.c.l.logback.LogbackConfigurator    - Logback custom configuration initialized from: C:\Users\nguye\Katalon Studio\katalon-web-test\Include\config\log.properties
2026-01-13 22:42:37.345 INFO  c.k.katalon.core.main.TestSuiteExecutor  - START Test Suites/TS_ITmarket
2026-01-13 22:42:37.410 INFO  c.k.katalon.core.main.TestSuiteExecutor  - userFullName = phuc huy
2026-01-13 22:42:37.410 INFO  c.k.katalon.core.main.TestSuiteExecutor  - projectName = katalon-web-test
2026-01-13 22:42:37.410 INFO  c.k.katalon.core.main.TestSuiteExecutor  - hostName = nguye - Yen
2026-01-13 22:42:37.410 INFO  c.k.katalon.core.main.TestSuiteExecutor  - os = Windows 11 64bit
2026-01-13 22:42:37.410 INFO  c.k.katalon.core.main.TestSuiteExecutor  - hostAddress = 169.254.13.160
2026-01-13 22:42:37.415 INFO  c.k.katalon.core.main.TestSuiteExecutor  - katalonVersion = 10.4.2.0
2026-01-13 22:42:37.755 INFO  c.k.katalon.core.main.TestCaseExecutor   - --------------------
2026-01-13 22:42:37.755 INFO  c.k.katalon.core.main.TestCaseExecutor   - START Test Cases/it-market/homepage_UI
2026-01-13 22:42:37.995 DEBUG testcase.homepage_UI                     - 1: openBrowser("")
2026-01-13 22:42:38.177 INFO  c.k.k.core.webui.driver.DriverFactory    - Starting 'Chrome (headless)' driver
2026-01-13 22:42:38.219 INFO  c.k.k.core.webui.driver.DriverFactory    - Action delay is set to 0 milliseconds
thg 1 13, 2026 10:42:39 CH org.openqa.selenium.devtools.CdpVersionFinder findNearestMatch
WARNING: Unable to find CDP implementation matching 144
thg 1 13, 2026 10:42:39 CH org.openqa.selenium.chromium.ChromiumDriver lambda$new$4
WARNING: Unable to find version of CDP to use for 144.0.7559.59. You may need to include a dependency on a specific version of the CDP using something similar to `org.seleniumhq.selenium:selenium-devtools-v86:4.34.0` where the version ("v86") matches the version of the chromium-based browser you're using and the version number of the artifact is the same as Selenium's.
2026-01-13 22:42:39.643 INFO  c.k.k.core.webui.driver.DriverFactory    - sessionId = 17a00d1f7fe4e82bc7881dc6d4454375
2026-01-13 22:42:39.645 INFO  c.k.k.core.webui.driver.DriverFactory    - browser = Chrome 144.0.7559.59
2026-01-13 22:42:39.646 INFO  c.k.k.core.webui.driver.DriverFactory    - platform = Windows 11
2026-01-13 22:42:39.646 INFO  c.k.k.core.webui.driver.DriverFactory    - seleniumVersion = 4.34.0
2026-01-13 22:42:39.653 INFO  c.k.k.core.webui.driver.DriverFactory    - proxyInformation = ProxyInformation { proxyOption=NO_PROXY, proxyServerType=HTTP, username=, password=********, proxyServerAddress=, proxyServerPort=0, executionList="", isApplyToDesiredCapabilities=true }
2026-01-13 22:42:39.691 DEBUG testcase.homepage_UI                     - 2: navigateToUrl("https://dev.itmarket.co.kr/")
2026-01-13 22:42:40.852 DEBUG testcase.homepage_UI                     - 3: verifyTextPresent("IT 프로젝트를 쉽고 빠르게", true)
2026-01-13 22:42:41.615 DEBUG testcase.homepage_UI                     - 4: verifyTextPresent("IT마켓에서 시작하세요.", true)
2026-01-13 22:42:41.868 DEBUG testcase.homepage_UI                     - 5: closeBrowser()
2026-01-13 22:42:42.020 INFO  c.k.katalon.core.main.TestCaseExecutor   - END Test Cases/it-market/homepage_UI
2026-01-13 22:42:42.025 INFO  c.k.katalon.core.main.TestCaseExecutor   - --------------------
2026-01-13 22:42:42.025 INFO  c.k.katalon.core.main.TestCaseExecutor   - START Test Cases/it-market/loginpage_UI
2026-01-13 22:42:42.080 DEBUG testcase.loginpage_UI                    - 1: openBrowser("")
2026-01-13 22:42:42.086 INFO  c.k.k.core.webui.driver.DriverFactory    - Starting 'Chrome (headless)' driver
2026-01-13 22:42:42.089 INFO  c.k.k.core.webui.driver.DriverFactory    - Action delay is set to 0 milliseconds
thg 1 13, 2026 10:42:42 CH org.openqa.selenium.devtools.CdpVersionFinder findNearestMatch
WARNING: Unable to find CDP implementation matching 144
thg 1 13, 2026 10:42:42 CH org.openqa.selenium.chromium.ChromiumDriver lambda$new$4
WARNING: Unable to find version of CDP to use for 144.0.7559.59. You may need to include a dependency on a specific version of the CDP using something similar to `org.seleniumhq.selenium:selenium-devtools-v86:4.34.0` where the version ("v86") matches the version of the chromium-based browser you're using and the version number of the artifact is the same as Selenium's.
2026-01-13 22:42:42.845 INFO  c.k.k.core.webui.driver.DriverFactory    - sessionId = 8bb5716256346f648c7bb7865b8648bb
2026-01-13 22:42:42.847 INFO  c.k.k.core.webui.driver.DriverFactory    - browser = Chrome 144.0.7559.59
2026-01-13 22:42:42.847 INFO  c.k.k.core.webui.driver.DriverFactory    - platform = Windows 11
2026-01-13 22:42:42.847 INFO  c.k.k.core.webui.driver.DriverFactory    - seleniumVersion = 4.34.0
2026-01-13 22:42:42.847 INFO  c.k.k.core.webui.driver.DriverFactory    - proxyInformation = ProxyInformation { proxyOption=NO_PROXY, proxyServerType=HTTP, username=, password=********, proxyServerAddress=, proxyServerPort=0, executionList="", isApplyToDesiredCapabilities=true }
2026-01-13 22:42:42.863 DEBUG testcase.loginpage_UI                    - 2: navigateToUrl("https://dev.itmarket.co.kr/login")
2026-01-13 22:42:43.978 DEBUG testcase.loginpage_UI                    - 3: verifyTextPresent("아직 아이티마켓 회원이 아니신가요?", true)
2026-01-13 22:42:44.809 DEBUG testcase.loginpage_UI                    - 4: closeBrowser()
2026-01-13 22:42:44.929 INFO  c.k.katalon.core.main.TestCaseExecutor   - END Test Cases/it-market/loginpage_UI
2026-01-13 22:42:44.960 INFO  c.k.katalon.core.main.TestSuiteExecutor  - --------------------
2026-01-13 22:42:44.961 INFO  c.k.katalon.core.main.TestSuiteExecutor  - END Test Suites/TS_ITmarket
2026-01-13 22:42:44.961 INFO  c.k.katalon.core.main.TestSuiteExecutor  - ====================
