2026-01-11 23:08:21.516 INFO  c.k.k.c.l.logback.LogbackConfigurator    - Logback default configuration initialized from: C:\Users\nguye\.katalon\packages\KSE-10.4.2\configuration\org.eclipse.osgi\132\0\.cp\resources\logback\logback-execution.xml
2026-01-11 23:08:21.519 INFO  c.k.k.c.l.logback.LogbackConfigurator    - Logback custom configuration initialized from: C:\Users\nguye\Katalon Studio\katalon-web-test\Include\config\log.properties
2026-01-11 23:08:22.138 INFO  c.k.katalon.core.main.TestSuiteExecutor  - START Test Suites/TS_WordWizards
2026-01-11 23:08:22.215 INFO  c.k.katalon.core.main.TestSuiteExecutor  - userFullName = phuc huy
2026-01-11 23:08:22.216 INFO  c.k.katalon.core.main.TestSuiteExecutor  - projectName = katalon-web-test
2026-01-11 23:08:22.217 INFO  c.k.katalon.core.main.TestSuiteExecutor  - hostName = nguye - Yen
2026-01-11 23:08:22.217 INFO  c.k.katalon.core.main.TestSuiteExecutor  - os = Windows 11 64bit
2026-01-11 23:08:22.218 INFO  c.k.katalon.core.main.TestSuiteExecutor  - hostAddress = 169.254.13.160
2026-01-11 23:08:22.218 INFO  c.k.katalon.core.main.TestSuiteExecutor  - katalonVersion = 10.4.2.0
2026-01-11 23:08:22.621 INFO  c.k.katalon.core.main.TestCaseExecutor   - --------------------
2026-01-11 23:08:22.621 INFO  c.k.katalon.core.main.TestCaseExecutor   - START Test Cases/Word-Wizards/Home Page UI
2026-01-11 23:08:22.909 DEBUG testcase.Home Page UI                    - 1: openBrowser("")
2026-01-11 23:08:23.114 INFO  c.k.k.core.webui.driver.DriverFactory    - Starting 'Chrome (headless)' driver
2026-01-11 23:08:23.172 INFO  c.k.k.core.webui.driver.DriverFactory    - Action delay is set to 0 milliseconds
thg 1 11, 2026 11:08:24 CH org.openqa.selenium.devtools.CdpVersionFinder findNearestMatch
WARNING: Unable to find CDP implementation matching 144
thg 1 11, 2026 11:08:24 CH org.openqa.selenium.chromium.ChromiumDriver lambda$new$4
WARNING: Unable to find version of CDP to use for 144.0.7559.59. You may need to include a dependency on a specific version of the CDP using something similar to `org.seleniumhq.selenium:selenium-devtools-v86:4.34.0` where the version ("v86") matches the version of the chromium-based browser you're using and the version number of the artifact is the same as Selenium's.
2026-01-11 23:08:24.619 INFO  c.k.k.core.webui.driver.DriverFactory    - sessionId = 0de285f5c8e23f79dc3d1535cee872e6
2026-01-11 23:08:24.621 INFO  c.k.k.core.webui.driver.DriverFactory    - browser = Chrome 144.0.7559.59
2026-01-11 23:08:24.621 INFO  c.k.k.core.webui.driver.DriverFactory    - platform = Windows 11
2026-01-11 23:08:24.622 INFO  c.k.k.core.webui.driver.DriverFactory    - seleniumVersion = 4.34.0
2026-01-11 23:08:24.628 INFO  c.k.k.core.webui.driver.DriverFactory    - proxyInformation = ProxyInformation { proxyOption=NO_PROXY, proxyServerType=HTTP, username=, password=********, proxyServerAddress=, proxyServerPort=0, executionList="", isApplyToDesiredCapabilities=true }
2026-01-11 23:08:24.676 DEBUG testcase.Home Page UI                    - 2: navigateToUrl("http://localhost:8081/")
2026-01-11 23:08:26.051 DEBUG testcase.Home Page UI                    - 3: verifyTextPresent("Explore Learning Tools And Resources", true)
2026-01-11 23:08:26.444 DEBUG testcase.Home Page UI                    - 4: verifyTextPresent("Grammar & Writing", false)
2026-01-11 23:08:26.695 DEBUG testcase.Home Page UI                    - 5: closeBrowser()
2026-01-11 23:08:26.876 INFO  c.k.katalon.core.main.TestCaseExecutor   - END Test Cases/Word-Wizards/Home Page UI
2026-01-11 23:08:26.882 INFO  c.k.katalon.core.main.TestCaseExecutor   - --------------------
2026-01-11 23:08:26.882 INFO  c.k.katalon.core.main.TestCaseExecutor   - START Test Cases/Word-Wizards/Word Chain Game UI
2026-01-11 23:08:26.920 DEBUG testcase.Word Chain Game UI              - 1: openBrowser("")
2026-01-11 23:08:26.925 INFO  c.k.k.core.webui.driver.DriverFactory    - Starting 'Chrome (headless)' driver
2026-01-11 23:08:26.926 INFO  c.k.k.core.webui.driver.DriverFactory    - Action delay is set to 0 milliseconds
thg 1 11, 2026 11:08:27 CH org.openqa.selenium.devtools.CdpVersionFinder findNearestMatch
WARNING: Unable to find CDP implementation matching 144
thg 1 11, 2026 11:08:27 CH org.openqa.selenium.chromium.ChromiumDriver lambda$new$4
WARNING: Unable to find version of CDP to use for 144.0.7559.59. You may need to include a dependency on a specific version of the CDP using something similar to `org.seleniumhq.selenium:selenium-devtools-v86:4.34.0` where the version ("v86") matches the version of the chromium-based browser you're using and the version number of the artifact is the same as Selenium's.
2026-01-11 23:08:27.720 INFO  c.k.k.core.webui.driver.DriverFactory    - sessionId = a810d12c26164d24c0d200d515e2d31b
2026-01-11 23:08:27.722 INFO  c.k.k.core.webui.driver.DriverFactory    - browser = Chrome 144.0.7559.59
2026-01-11 23:08:27.722 INFO  c.k.k.core.webui.driver.DriverFactory    - platform = Windows 11
2026-01-11 23:08:27.722 INFO  c.k.k.core.webui.driver.DriverFactory    - seleniumVersion = 4.34.0
2026-01-11 23:08:27.723 INFO  c.k.k.core.webui.driver.DriverFactory    - proxyInformation = ProxyInformation { proxyOption=NO_PROXY, proxyServerType=HTTP, username=, password=********, proxyServerAddress=, proxyServerPort=0, executionList="", isApplyToDesiredCapabilities=true }
2026-01-11 23:08:27.731 DEBUG testcase.Word Chain Game UI              - 2: navigateToUrl("http://localhost:8081/word-chain-game")
2026-01-11 23:08:28.744 DEBUG testcase.Word Chain Game UI              - 3: verifyTextPresent("Game Rules", true)
2026-01-11 23:08:29.116 DEBUG testcase.Word Chain Game UI              - 4: closeBrowser()
2026-01-11 23:08:29.260 INFO  c.k.katalon.core.main.TestCaseExecutor   - END Test Cases/Word-Wizards/Word Chain Game UI
2026-01-11 23:08:29.292 INFO  c.k.katalon.core.main.TestSuiteExecutor  - --------------------
2026-01-11 23:08:29.292 INFO  c.k.katalon.core.main.TestSuiteExecutor  - END Test Suites/TS_WordWizards
2026-01-11 23:08:29.292 INFO  c.k.katalon.core.main.TestSuiteExecutor  - ====================
